<?xml version="1.0" encoding="UTF-8"?>
<!-- Generated by org.testng.reporters.JUnitXMLReporter -->
<testsuite ignored="0" hostname="AZMAL" failures="1" tests="8" name="SanityTest" time="55.323" errors="0" timestamp="2022-09-28T17:29:04 IST">
  <testcase classname="ebankingLoginTest.EBankingLoginTest" name="testResetUserIdAndpassword" time="0.383"/>
  <testcase classname="ebankingLoginTest.EBankingLoginTest" name="testLoginWithValidUserIdAndPassword" time="1.978"/>
  <testcase classname="ebankingLoginTest.EBankingLoginTest" name="testLogoutFromAccount" time="0.814"/>
  <testcase classname="ebankingPracticeTest.AddNewCustomerTest" name="testAddNewCustomerFieldsWithValidDetails" time="9.037"/>
  <testcase classname="ebankingPracticeTest.NewAccountTest" name="testNewAccountWithInvalidData" time="4.714"/>
  <testcase classname="ebankingPracticeTest.NewAccountTest" name="testNewAccountWithValidData" time="3.299">
    <failure type="java.lang.AssertionError" message="Exception occured while testing testNewAccountWithValidData:[Ljava.lang.StackTraceElement;@45037e16">
      <![CDATA[java.lang.AssertionError: Exception occured while testing testNewAccountWithValidData:[Ljava.lang.StackTraceElement;@45037e16
at ebankingPracticeTest.NewAccountTest.testNewAccountWithValidData(NewAccountTest.java:75)
at java.base/java.util.ArrayList.forEach(ArrayList.java:1511)
... Removed 26 stack frames]]>
    </failure>
  </testcase> <!-- testNewAccountWithValidData -->
  <testcase classname="ebankingPracticeTest.DepositTest" name="testDepositWithInvalidData" time="9.314"/>
  <testcase classname="ebankingPracticeTest.DepositTest" name="testDepositWithValidData" time="0.842"/>
</testsuite> <!-- SanityTest -->
